{"name": "test_right_way", "status": "broken", "statusDetails": {"message": "selenium.common.exceptions.TimeoutException: Message:", "trace": "c:\\Users\\trifo\\Downloads\\selenium.qa.studio-main\\tests\\test_shop.py:89: in test_right_way\n    ???\n        browser    = <selenium.webdriver.chrome.webdriver.WebDriver (session=\"31d014168d0a6a8e358cef73aae5a7a3\")>\n        cart_is_visible = 'block'\n        product    = <selenium.webdriver.remote.webelement.WebElement (session=\"31d014168d0a6a8e358cef73aae5a7a3\", element=\"6d06fda1-fe47-4f47-9507-3b877be8d1a9\")>\nC:\\Users\\trifo\\AppData\\Local\\Programs\\Python\\Python310\\lib\\site-packages\\selenium\\webdriver\\support\\wait.py:90: in until\n    raise TimeoutException(message, screen, stacktrace)\nE   selenium.common.exceptions.TimeoutException: Message:\n        end_time   = 963434.281\n        message    = ''\n        method     = <function url_to_be.<locals>._predicate at 0x0000022C30CEA560>\n        screen     = None\n        self       = <selenium.webdriver.support.wait.WebDriverWait (session=\"31d014168d0a6a8e358cef73aae5a7a3\")>\n        stacktrace = None\n        value      = False"}, "description": "\n    Test case TC-4\n    ", "start": 1666865960843, "stop": 1666865976279, "uuid": "9fd04bd2-fa5b-4d65-96c6-1b02ea664272", "historyId": "832350b147fac251f172289a626c5cba", "testCaseId": "7b8323124234f69a8fde1e3de50f452e", "fullName": "tests.test_shop#test_right_way", "labels": [{"name": "parentSuite", "value": "tests"}, {"name": "suite", "value": "test_shop"}, {"name": "host", "value": "мой"}, {"name": "thread", "value": "6788-MainThread"}, {"name": "framework", "value": "pytest"}, {"name": "language", "value": "cpython3"}, {"name": "package", "value": "tests.test_shop"}]}