{"name": "test_right_way", "status": "broken", "statusDetails": {"message": "selenium.common.exceptions.TimeoutException: Message:", "trace": "c:\\Users\\trifo\\Downloads\\selenium.qa.studio-main\\tests\\test_shop.py:89: in test_right_way\n    ???\n        browser    = <selenium.webdriver.chrome.webdriver.WebDriver (session=\"df7fd3e7e168162a6dc49bff34a1fac8\")>\n        cart_is_visible = 'block'\n        product    = <selenium.webdriver.remote.webelement.WebElement (session=\"df7fd3e7e168162a6dc49bff34a1fac8\", element=\"e62ea7d7-c6ff-4aa9-ad72-fefcc129ddd4\")>\nC:\\Users\\trifo\\AppData\\Local\\Programs\\Python\\Python310\\lib\\site-packages\\selenium\\webdriver\\support\\wait.py:90: in until\n    raise TimeoutException(message, screen, stacktrace)\nE   selenium.common.exceptions.TimeoutException: Message:\n        end_time   = 961634.187\n        message    = ''\n        method     = <function url_to_be.<locals>._predicate at 0x000002154AEB7D90>\n        screen     = None\n        self       = <selenium.webdriver.support.wait.WebDriverWait (session=\"df7fd3e7e168162a6dc49bff34a1fac8\")>\n        stacktrace = None\n        value      = False"}, "description": "\n    Test case TC-4\n    ", "start": 1666864160363, "stop": 1666864176189, "uuid": "59616961-4709-4605-8a6c-54695064a1ae", "historyId": "832350b147fac251f172289a626c5cba", "testCaseId": "7b8323124234f69a8fde1e3de50f452e", "fullName": "tests.test_shop#test_right_way", "labels": [{"name": "parentSuite", "value": "tests"}, {"name": "suite", "value": "test_shop"}, {"name": "host", "value": "мой"}, {"name": "thread", "value": "14244-MainThread"}, {"name": "framework", "value": "pytest"}, {"name": "language", "value": "cpython3"}, {"name": "package", "value": "tests.test_shop"}]}